2014/12/02 17:03:58 INFO  - jmeter.util.JMeterUtils: Setting Locale to en_US 
2014/12/02 17:03:58 INFO  - jmeter.JMeter: Loading user properties from: /usr/share/jmeter/bin/user.properties 
2014/12/02 17:03:58 INFO  - jmeter.JMeter: Loading system properties from: /usr/share/jmeter/bin/system.properties 
2014/12/02 17:03:58 INFO  - jmeter.JMeter: Copyright (c) 1998-2012 The Apache Software Foundation 
2014/12/02 17:03:58 INFO  - jmeter.JMeter: Version 2.8.20130705 
2014/12/02 17:03:58 INFO  - jmeter.JMeter: java.version=1.7.0_65 
2014/12/02 17:03:58 INFO  - jmeter.JMeter: java.vm.name=OpenJDK Client VM 
2014/12/02 17:03:58 INFO  - jmeter.JMeter: os.name=Linux 
2014/12/02 17:03:58 INFO  - jmeter.JMeter: os.arch=i386 
2014/12/02 17:03:58 INFO  - jmeter.JMeter: os.version=3.13.0-39-generic 
2014/12/02 17:03:58 INFO  - jmeter.JMeter: file.encoding=UTF-8 
2014/12/02 17:03:58 INFO  - jmeter.JMeter: Default Locale=English (United States) 
2014/12/02 17:03:58 INFO  - jmeter.JMeter: JMeter  Locale=English (United States) 
2014/12/02 17:03:58 INFO  - jmeter.JMeter: JMeterHome=/usr/share/jmeter 
2014/12/02 17:03:58 INFO  - jmeter.JMeter: user.dir  =/home/nick/djangoapp/cse360_webapp 
2014/12/02 17:03:58 INFO  - jmeter.JMeter: PWD       =/home/nick/djangoapp/cse360_webapp 
2014/12/02 17:03:58 INFO  - jmeter.JMeter: IP: 127.0.1.1 Name: ubuntu FullName: ubuntu 
2014/12/02 17:03:58 INFO  - jmeter.JMeter: Loaded icon properties from org/apache/jmeter/images/icon.properties 
2014/12/02 17:03:58 INFO  - jmeter.engine.util.CompoundVariable: Note: Function class names must contain the string: '.functions.' 
2014/12/02 17:03:58 INFO  - jmeter.engine.util.CompoundVariable: Note: Function class names must not contain the string: '.gui.' 
2014/12/02 17:03:59 INFO  - jmeter.gui.action.LookAndFeelCommand: Using look and feel: javax.swing.plaf.metal.MetalLookAndFeel [Metal, CrossPlatform] 
2014/12/02 17:03:59 INFO  - jmeter.util.BSFTestElement: Registering JMeter version of JavaScript engine as work-round for BSF-22 
2014/12/02 17:04:00 INFO  - jmeter.protocol.http.sampler.HTTPSamplerBase: Cannot find .className property for htmlParser, using default 
2014/12/02 17:04:00 INFO  - jmeter.protocol.http.sampler.HTTPSamplerBase: Parser for text/html is  
2014/12/02 17:04:00 INFO  - jmeter.protocol.http.sampler.HTTPSamplerBase: Parser for application/xhtml+xml is  
2014/12/02 17:04:00 INFO  - jmeter.protocol.http.sampler.HTTPSamplerBase: Parser for application/xml is  
2014/12/02 17:04:00 INFO  - jmeter.protocol.http.sampler.HTTPSamplerBase: Parser for text/xml is  
2014/12/02 17:04:00 INFO  - jmeter.protocol.http.sampler.HTTPSamplerBase: Parser for text/vnd.wap.wml is org.apache.jmeter.protocol.http.parser.RegexpHTMLParser 
2014/12/02 17:04:00 INFO  - jmeter.protocol.http.sampler.HTTPSamplerBase: Reuse SSL session context on subsequent iterations: true 
2014/12/02 17:04:00 INFO  - jmeter.gui.util.MenuFactory: Skipping org.apache.jmeter.protocol.http.modifier.gui.ParamModifierGui 
2014/12/02 17:04:00 INFO  - jmeter.samplers.SampleResult: Note: Sample TimeStamps are START times 
2014/12/02 17:04:00 INFO  - jmeter.samplers.SampleResult: sampleresult.default.encoding is set to ISO-8859-1 
2014/12/02 17:04:00 INFO  - jmeter.samplers.SampleResult: sampleresult.useNanoTime=true 
2014/12/02 17:04:00 INFO  - jmeter.samplers.SampleResult: sampleresult.nanoThreadSleep=5000 
2014/12/02 17:04:03 INFO  - jmeter.services.FileServer: Default base='/home/nick/djangoapp/cse360_webapp' 
2014/12/02 17:04:08 INFO  - jmeter.gui.action.Load: Loading file: /home/nick/djangoapp/cse360_webapp/JMeter Tests/cse360_webapp Load Test .jmx 
2014/12/02 17:04:08 INFO  - jmeter.services.FileServer: Set new base='/home/nick/djangoapp/cse360_webapp/JMeter Tests' 
2014/12/02 17:04:08 INFO  - jmeter.save.SaveService: Testplan (JMX) version: 2.2. Testlog (JTL) version: 2.2 
2014/12/02 17:04:08 INFO  - jmeter.save.SaveService: Using SaveService properties file encoding UTF-8 
2014/12/02 17:04:08 INFO  - jmeter.save.SaveService: Using SaveService properties file version 1382180 
2014/12/02 17:04:08 INFO  - jmeter.save.SaveService: Using SaveService properties version 2.3 
2014/12/02 17:04:08 INFO  - jmeter.save.SaveService: All converter versions present and correct 
2014/12/02 17:04:08 INFO  - jmeter.protocol.http.control.CookieManager: Settings: Delete null: true Check: true Allow variable: true Save: false Prefix: COOKIE_ 
2014/12/02 17:04:08 INFO  - jmeter.services.FileServer: Set new base='/home/nick/djangoapp/cse360_webapp/JMeter Tests' 
2014/12/02 17:04:37 INFO  - jmeter.engine.StandardJMeterEngine: Listeners will be started after enabling running version 
2014/12/02 17:04:37 INFO  - jmeter.engine.StandardJMeterEngine: To revert to the earlier behaviour, define jmeterengine.startlistenerslater=false 
2014/12/02 17:04:37 INFO  - jmeter.engine.StandardJMeterEngine: Running the test! 
2014/12/02 17:04:37 INFO  - jmeter.gui.util.JMeterMenuBar: setRunning(true,*local*) 
2014/12/02 17:04:37 INFO  - jmeter.engine.StandardJMeterEngine: Starting ThreadGroup: 1 : cse360_webapp Visitors 
2014/12/02 17:04:37 INFO  - jmeter.engine.StandardJMeterEngine: Starting 1 threads for group cse360_webapp Visitors. 
2014/12/02 17:04:37 INFO  - jmeter.engine.StandardJMeterEngine: Thread will stop on error 
2014/12/02 17:04:37 INFO  - jmeter.threads.ThreadGroup: Starting thread group number 1 threads 1 ramp-up 1 perThread 1000.0 delayedStart=false 
2014/12/02 17:04:37 INFO  - jmeter.threads.JMeterThread: jmeterthread.startearlier=true (see jmeter.properties) 
2014/12/02 17:04:37 INFO  - jmeter.threads.JMeterThread: Running PostProcessors in forward order 
2014/12/02 17:04:37 INFO  - jmeter.threads.ThreadGroup: Started thread group number 1 
2014/12/02 17:04:37 INFO  - jmeter.engine.StandardJMeterEngine: All thread groups have been started 
2014/12/02 17:04:37 INFO  - jmeter.threads.JMeterThread: Thread started: cse360_webapp Visitors 1-1 
2014/12/02 17:04:37 INFO  - jmeter.protocol.http.sampler.HTTPHCAbstractImpl: Local host = ubuntu 
2014/12/02 17:04:37 INFO  - jmeter.protocol.http.sampler.HTTPHC4Impl: HTTP request retry count = 1 
2014/12/02 17:04:37 INFO  - jmeter.protocol.http.sampler.HTTPHC4Impl: Setting up HTTPS TrustAll scheme 
2014/12/02 17:04:37 INFO  - jmeter.util.JsseSSLManager: Using default SSL protocol: TLS 
2014/12/02 17:04:37 INFO  - jmeter.util.JsseSSLManager: SSL session context: per-thread 
2014/12/02 17:04:38 INFO  - jmeter.protocol.http.parser.HtmlParserHTMLParser: Using htmlparser version: 1.6 (Release Build Jun 10, 2006) 
2014/12/02 17:04:38 INFO  - jmeter.protocol.http.parser.HTMLParser: Created org.apache.jmeter.protocol.http.parser.HtmlParserHTMLParser 
2014/12/02 17:04:39 INFO  - jmeter.threads.JMeterThread: Thread finished: cse360_webapp Visitors 1-1 
2014/12/02 17:04:39 INFO  - jmeter.engine.StandardJMeterEngine: Notifying test listeners of end of test 
2014/12/02 17:04:39 INFO  - jmeter.gui.util.JMeterMenuBar: setRunning(false,*local*) 
2014/12/02 17:06:08 INFO  - jmeter.engine.StandardJMeterEngine: Running the test! 
2014/12/02 17:06:08 INFO  - jmeter.gui.util.JMeterMenuBar: setRunning(true,*local*) 
2014/12/02 17:06:09 INFO  - jmeter.engine.StandardJMeterEngine: Starting ThreadGroup: 1 : cse360_webapp Visitors 
2014/12/02 17:06:09 INFO  - jmeter.engine.StandardJMeterEngine: Starting 10 threads for group cse360_webapp Visitors. 
2014/12/02 17:06:09 INFO  - jmeter.engine.StandardJMeterEngine: Thread will stop on error 
2014/12/02 17:06:09 INFO  - jmeter.threads.ThreadGroup: Starting thread group number 1 threads 10 ramp-up 1 perThread 100.0 delayedStart=false 
2014/12/02 17:06:09 INFO  - jmeter.threads.ThreadGroup: Started thread group number 1 
2014/12/02 17:06:09 INFO  - jmeter.engine.StandardJMeterEngine: All thread groups have been started 
2014/12/02 17:06:09 INFO  - jmeter.threads.JMeterThread: Thread started: cse360_webapp Visitors 1-1 
2014/12/02 17:06:09 INFO  - jmeter.threads.JMeterThread: Thread started: cse360_webapp Visitors 1-2 
2014/12/02 17:06:09 INFO  - jmeter.threads.JMeterThread: Thread started: cse360_webapp Visitors 1-3 
2014/12/02 17:06:09 INFO  - jmeter.threads.JMeterThread: Thread started: cse360_webapp Visitors 1-4 
2014/12/02 17:06:09 INFO  - jmeter.threads.JMeterThread: Thread started: cse360_webapp Visitors 1-5 
2014/12/02 17:06:09 INFO  - jmeter.threads.JMeterThread: Thread started: cse360_webapp Visitors 1-6 
2014/12/02 17:06:09 INFO  - jmeter.threads.JMeterThread: Thread started: cse360_webapp Visitors 1-7 
2014/12/02 17:06:09 INFO  - jmeter.threads.JMeterThread: Thread started: cse360_webapp Visitors 1-8 
2014/12/02 17:06:09 INFO  - jmeter.threads.JMeterThread: Thread started: cse360_webapp Visitors 1-9 
2014/12/02 17:06:09 INFO  - jmeter.threads.JMeterThread: Thread started: cse360_webapp Visitors 1-10 
2014/12/02 17:07:38 INFO  - jmeter.threads.JMeterThread: Thread finished: cse360_webapp Visitors 1-1 
2014/12/02 17:07:39 INFO  - jmeter.threads.JMeterThread: Thread finished: cse360_webapp Visitors 1-2 
2014/12/02 17:07:39 INFO  - jmeter.threads.JMeterThread: Thread finished: cse360_webapp Visitors 1-3 
2014/12/02 17:07:39 INFO  - jmeter.threads.JMeterThread: Thread finished: cse360_webapp Visitors 1-6 
2014/12/02 17:07:40 INFO  - jmeter.threads.JMeterThread: Thread finished: cse360_webapp Visitors 1-9 
2014/12/02 17:07:40 INFO  - jmeter.threads.JMeterThread: Thread finished: cse360_webapp Visitors 1-5 
2014/12/02 17:07:40 INFO  - jmeter.threads.JMeterThread: Thread finished: cse360_webapp Visitors 1-4 
2014/12/02 17:07:40 INFO  - jmeter.threads.JMeterThread: Thread finished: cse360_webapp Visitors 1-10 
2014/12/02 17:07:40 INFO  - jmeter.threads.JMeterThread: Thread finished: cse360_webapp Visitors 1-7 
2014/12/02 17:07:40 INFO  - jmeter.threads.JMeterThread: Thread finished: cse360_webapp Visitors 1-8 
2014/12/02 17:07:40 INFO  - jmeter.engine.StandardJMeterEngine: Notifying test listeners of end of test 
2014/12/02 17:07:40 INFO  - jmeter.gui.util.JMeterMenuBar: setRunning(false,*local*) 
2014/12/02 17:12:39 INFO  - jmeter.engine.StandardJMeterEngine: Running the test! 
2014/12/02 17:12:39 INFO  - jmeter.gui.util.JMeterMenuBar: setRunning(true,*local*) 
2014/12/02 17:12:39 INFO  - jmeter.engine.StandardJMeterEngine: Starting ThreadGroup: 1 : cse360_webapp Visitors 
2014/12/02 17:12:39 INFO  - jmeter.engine.StandardJMeterEngine: Starting 25 threads for group cse360_webapp Visitors. 
2014/12/02 17:12:39 INFO  - jmeter.engine.StandardJMeterEngine: Thread will stop on error 
2014/12/02 17:12:39 INFO  - jmeter.threads.ThreadGroup: Starting thread group number 1 threads 25 ramp-up 10 perThread 400.0 delayedStart=false 
2014/12/02 17:12:39 INFO  - jmeter.threads.JMeterThread: Thread started: cse360_webapp Visitors 1-1 
2014/12/02 17:12:39 INFO  - jmeter.threads.ThreadGroup: Started thread group number 1 
2014/12/02 17:12:39 INFO  - jmeter.engine.StandardJMeterEngine: All thread groups have been started 
2014/12/02 17:12:40 INFO  - jmeter.threads.JMeterThread: Thread started: cse360_webapp Visitors 1-2 
2014/12/02 17:12:40 INFO  - jmeter.threads.JMeterThread: Thread started: cse360_webapp Visitors 1-3 
2014/12/02 17:12:41 INFO  - jmeter.threads.JMeterThread: Thread started: cse360_webapp Visitors 1-4 
2014/12/02 17:12:41 INFO  - jmeter.threads.JMeterThread: Thread started: cse360_webapp Visitors 1-5 
2014/12/02 17:12:41 INFO  - jmeter.threads.JMeterThread: Thread started: cse360_webapp Visitors 1-6 
2014/12/02 17:12:42 INFO  - jmeter.threads.JMeterThread: Thread started: cse360_webapp Visitors 1-7 
2014/12/02 17:12:42 INFO  - jmeter.threads.JMeterThread: Thread started: cse360_webapp Visitors 1-8 
2014/12/02 17:12:43 INFO  - jmeter.threads.JMeterThread: Thread started: cse360_webapp Visitors 1-9 
2014/12/02 17:12:43 INFO  - jmeter.threads.JMeterThread: Thread started: cse360_webapp Visitors 1-10 
2014/12/02 17:12:43 INFO  - jmeter.threads.JMeterThread: Thread started: cse360_webapp Visitors 1-11 
2014/12/02 17:12:44 INFO  - jmeter.threads.JMeterThread: Thread started: cse360_webapp Visitors 1-12 
2014/12/02 17:12:44 INFO  - jmeter.threads.JMeterThread: Thread finished: cse360_webapp Visitors 1-1 
2014/12/02 17:12:44 INFO  - jmeter.threads.JMeterThread: Thread started: cse360_webapp Visitors 1-13 
2014/12/02 17:12:45 INFO  - jmeter.threads.JMeterThread: Thread started: cse360_webapp Visitors 1-14 
2014/12/02 17:12:45 INFO  - jmeter.threads.JMeterThread: Thread started: cse360_webapp Visitors 1-15 
2014/12/02 17:12:45 INFO  - jmeter.threads.JMeterThread: Thread started: cse360_webapp Visitors 1-16 
2014/12/02 17:12:46 INFO  - jmeter.threads.JMeterThread: Thread started: cse360_webapp Visitors 1-17 
2014/12/02 17:12:46 INFO  - jmeter.threads.JMeterThread: Thread started: cse360_webapp Visitors 1-18 
2014/12/02 17:12:47 INFO  - jmeter.threads.JMeterThread: Thread started: cse360_webapp Visitors 1-19 
2014/12/02 17:12:47 INFO  - jmeter.threads.JMeterThread: Thread started: cse360_webapp Visitors 1-20 
2014/12/02 17:12:47 INFO  - jmeter.threads.JMeterThread: Thread started: cse360_webapp Visitors 1-21 
2014/12/02 17:12:48 INFO  - jmeter.threads.JMeterThread: Thread started: cse360_webapp Visitors 1-22 
2014/12/02 17:12:48 INFO  - jmeter.threads.JMeterThread: Thread started: cse360_webapp Visitors 1-23 
2014/12/02 17:12:49 INFO  - jmeter.threads.JMeterThread: Thread started: cse360_webapp Visitors 1-24 
2014/12/02 17:12:49 INFO  - jmeter.threads.JMeterThread: Thread started: cse360_webapp Visitors 1-25 
2014/12/02 17:12:50 INFO  - jmeter.threads.JMeterThread: Thread finished: cse360_webapp Visitors 1-2 
2014/12/02 17:12:55 INFO  - jmeter.threads.JMeterThread: Thread finished: cse360_webapp Visitors 1-3 
2014/12/02 17:12:58 INFO  - jmeter.threads.JMeterThread: Thread finished: cse360_webapp Visitors 1-4 
2014/12/02 17:13:01 INFO  - jmeter.threads.JMeterThread: Thread finished: cse360_webapp Visitors 1-5 
2014/12/02 17:13:02 INFO  - jmeter.threads.JMeterThread: Thread finished: cse360_webapp Visitors 1-6 
2014/12/02 17:13:04 INFO  - jmeter.threads.JMeterThread: Thread finished: cse360_webapp Visitors 1-7 
2014/12/02 17:13:05 INFO  - jmeter.threads.JMeterThread: Thread finished: cse360_webapp Visitors 1-8 
2014/12/02 17:13:06 INFO  - jmeter.threads.JMeterThread: Thread finished: cse360_webapp Visitors 1-9 
2014/12/02 17:13:07 INFO  - jmeter.threads.JMeterThread: Thread finished: cse360_webapp Visitors 1-10 
2014/12/02 17:13:08 INFO  - jmeter.threads.JMeterThread: Thread finished: cse360_webapp Visitors 1-11 
2014/12/02 17:13:08 INFO  - jmeter.threads.JMeterThread: Thread finished: cse360_webapp Visitors 1-12 
2014/12/02 17:13:09 INFO  - jmeter.threads.JMeterThread: Thread finished: cse360_webapp Visitors 1-13 
2014/12/02 17:13:09 INFO  - jmeter.threads.JMeterThread: Thread finished: cse360_webapp Visitors 1-14 
2014/12/02 17:13:09 INFO  - jmeter.threads.JMeterThread: Thread finished: cse360_webapp Visitors 1-15 
2014/12/02 17:13:10 INFO  - jmeter.threads.JMeterThread: Thread finished: cse360_webapp Visitors 1-16 
2014/12/02 17:13:10 INFO  - jmeter.threads.JMeterThread: Thread finished: cse360_webapp Visitors 1-17 
2014/12/02 17:13:10 INFO  - jmeter.threads.JMeterThread: Thread finished: cse360_webapp Visitors 1-18 
2014/12/02 17:13:11 INFO  - jmeter.threads.JMeterThread: Thread finished: cse360_webapp Visitors 1-19 
2014/12/02 17:13:11 INFO  - jmeter.threads.JMeterThread: Thread finished: cse360_webapp Visitors 1-20 
2014/12/02 17:13:11 INFO  - jmeter.threads.JMeterThread: Thread finished: cse360_webapp Visitors 1-21 
2014/12/02 17:13:11 INFO  - jmeter.threads.JMeterThread: Thread finished: cse360_webapp Visitors 1-22 
2014/12/02 17:13:11 INFO  - jmeter.threads.JMeterThread: Thread finished: cse360_webapp Visitors 1-23 
2014/12/02 17:13:11 INFO  - jmeter.threads.JMeterThread: Thread finished: cse360_webapp Visitors 1-24 
2014/12/02 17:13:11 INFO  - jmeter.threads.JMeterThread: Thread finished: cse360_webapp Visitors 1-25 
2014/12/02 17:13:11 INFO  - jmeter.engine.StandardJMeterEngine: Notifying test listeners of end of test 
2014/12/02 17:13:11 INFO  - jmeter.gui.util.JMeterMenuBar: setRunning(false,*local*) 
